<?xml version="1.0" encoding="UTF-8"?>
<!-- Generated by org.testng.reporters.JUnitReportReporter -->
<testsuite hostname="LAPTOP-69EOE1K4" failures="0" tests="4" name="com.tutorialsninja.qa.testcases.RegisterAccountTest" time="24.405" errors="0" timestamp="2023-10-15T12:52:47 EDT" skipped="0">
  <testcase classname="com.tutorialsninja.qa.testcases.RegisterAccountTest" name="verifyRegisteringAnAccountWithMandatoryFields" time="7.419"/>
  <testcase classname="com.tutorialsninja.qa.testcases.RegisterAccountTest" name="verifyRegisteringAccountByProvidingAllFields" time="5.573"/>
  <testcase classname="com.tutorialsninja.qa.testcases.RegisterAccountTest" name="verifyRegisteringAccountWithExistingEmailAddress" time="5.331"/>
  <testcase classname="com.tutorialsninja.qa.testcases.RegisterAccountTest" name="verifyRegisteringAccountWithoutFillingOutAnyInformation" time="6.082"/>
</testsuite> <!-- com.tutorialsninja.qa.testcases.RegisterAccountTest -->
